<?xml version="1.0" encoding="UTF-8"?>
<!-- Generated by org.testng.reporters.JUnitReportReporter -->
<testsuite hostname="LAPTOP-DK38VD03" failures="0" tests="2" name="project_starHealth.StarHealthpage2" time="8.006" errors="0" timestamp="2023-10-24T11:56:19 IST" skipped="0">
  <testcase classname="project_starHealth.StarHealthpage2" name="print_link" time="7.900"/>
  <system-out/>
  <testcase classname="project_starHealth.StarHealthpage2" name="closebroswers" time="0.106"/>
  <system-out/>
</testsuite> <!-- project_starHealth.StarHealthpage2 -->
