<?xml version="1.0" encoding="UTF-8"?>
<!-- Generated by org.testng.reporters.JUnitReportReporter -->
<testsuite hostname="LAPTOP-DK38VD03" failures="0" tests="5" name="project_starHealth.StarHealthPage" time="24.151" errors="0" timestamp="2023-10-24T11:56:19 IST" skipped="0">
  <testcase classname="project_starHealth.StarHealthPage" name="Validate_title" time="0.020"/>
  <system-out/>
  <testcase classname="project_starHealth.StarHealthPage" name="Test_Header_plan" time="6.472"/>
  <system-out/>
  <testcase classname="project_starHealth.StarHealthPage" name="send_data" time="14.949"/>
  <system-out/>
  <testcase classname="project_starHealth.StarHealthPage" name="twitter" time="2.652"/>
  <system-out/>
  <testcase classname="project_starHealth.StarHealthPage" name="closeBrowser" time="0.058"/>
  <system-out/>
</testsuite> <!-- project_starHealth.StarHealthPage -->
